autoscan: warning: missing AC_CHECK_FUNCS([memset]) wanted by: 
	src/bitstring/lbitstring.c:153
	src/bitstring/lbitstring.c:176
	src/bitstring/lbitstring.c:397
	src/bitstring/lbitstring.c:553
	src/bitstring/lbitstring.c:596
	src/bitstring/lbitstring.c:618
	src/bitstring/lbitstring.c:687
autoscan: warning: missing AC_CHECK_FUNCS([strchr]) wanted by: 
	src/bitstring/lbitstring.c:588
	src/bitstring/lbitstring.c:610
	src/bitstring/lbitstring.c:632
autoscan: warning: missing AC_C_CONST wanted by: 
	src/bitstring/lbitstring.c:19
	src/bitstring/lbitstring.c:36
	src/bitstring/lbitstring.c:46
	src/bitstring/lbitstring.c:47
	src/bitstring/lbitstring.c:49
	src/bitstring/lbitstring.c:50
	src/bitstring/lbitstring.c:52
	src/bitstring/lbitstring.c:53
	src/bitstring/lbitstring.c:66
	src/bitstring/lbitstring.c:88
	src/bitstring/lbitstring.c:89
	src/bitstring/lbitstring.c:260
	src/bitstring/lbitstring.c:299
	src/bitstring/lbitstring.c:317
	src/bitstring/lbitstring.c:378
	src/bitstring/lbitstring.c:393
	src/bitstring/lbitstring.c:489
	src/bitstring/lbitstring.c:489
	src/bitstring/lbitstring.c:498
	src/bitstring/lbitstring.c:512
	src/bitstring/lbitstring.c:526
	src/bitstring/lbitstring.c:548
	src/bitstring/lbitstring.c:550
	src/bitstring/lbitstring.c:705
	src/bitstring/lbitstring.c:716
	tests/test_bitstring.c:8
autoscan: warning: missing AC_FUNC_MEMCMP wanted by: 
	src/bitstring/lbitstring.c:491
autoscan: warning: missing AC_HEADER_SYS_WAIT wanted by: 
	tests/test_bitstring.c:4
autoscan: warning: missing AC_PROG_RANLIB wanted by: 
	ltmain.sh:1600
autoscan: warning: missing AC_TYPE_SIZE_T wanted by: 
	src/bitstring/lbitstring.c:70
	src/bitstring/lbitstring.c:79
	src/bitstring/lbitstring.c:80
	src/bitstring/lbitstring.c:85
	src/bitstring/lbitstring.c:86
	src/bitstring/lbitstring.c:87
	src/bitstring/lbitstring.c:94
	src/bitstring/lbitstring.c:94
	src/bitstring/lbitstring.c:99
	src/bitstring/lbitstring.c:102
	src/bitstring/lbitstring.c:105
	src/bitstring/lbitstring.c:117
	src/bitstring/lbitstring.c:134
	src/bitstring/lbitstring.c:151
	src/bitstring/lbitstring.c:154
	src/bitstring/lbitstring.c:162
	src/bitstring/lbitstring.c:163
	src/bitstring/lbitstring.c:171
	src/bitstring/lbitstring.c:260
	src/bitstring/lbitstring.c:262
	src/bitstring/lbitstring.c:298
	src/bitstring/lbitstring.c:317
	src/bitstring/lbitstring.c:330
	src/bitstring/lbitstring.c:339
	src/bitstring/lbitstring.c:376
	src/bitstring/lbitstring.c:377
	src/bitstring/lbitstring.c:384
	src/bitstring/lbitstring.c:392
	src/bitstring/lbitstring.c:395
	src/bitstring/lbitstring.c:399
	src/bitstring/lbitstring.c:400
	src/bitstring/lbitstring.c:443
	src/bitstring/lbitstring.c:447
	src/bitstring/lbitstring.c:481
	src/bitstring/lbitstring.c:481
	src/bitstring/lbitstring.c:489
	src/bitstring/lbitstring.c:498
	src/bitstring/lbitstring.c:512
	src/bitstring/lbitstring.c:526
	src/bitstring/lbitstring.c:526
	src/bitstring/lbitstring.c:528
	src/bitstring/lbitstring.c:547
	src/bitstring/lbitstring.c:551
	src/bitstring/lbitstring.c:704
